Sun Nov 17 17:01:05 EST 2013
 CPU minf mjf xcal  intr ithr  csw icsw migr smtx  srw syscl  usr sys  wt idl
   0    5   0    1   751  300  510    7   15    8    0  2345    1   3   0  95
   1    6   0    1   528  168  663    9   18   11    0  3417    1   2   0  97
   2    4   0    1   472  180  538    7   15    9    0  2334    1   2   0  97
   3    6   0    1   694  171  668    9   19   11    0  3411    1   2   0  97
   4    6   0    1   539  171  679    9   18   11    0  3394    1   2   0  97
   5    4   0    1   426  136  523    7   15    9    0  2325    1   1   0  98
   6    6   0    1   517  165  654    9   18   11    0  3395    1   2   0  97
   7    4   0    1   405  126  507    6   14    8    0  2332    1   1   0  98
Sun Nov 17 17:01:06 EST 2013
 CPU minf mjf xcal  intr ithr  csw icsw migr smtx  srw syscl  usr sys  wt idl
   0   38   0    0  1019  457  743   36   23   37    0   833    1   5   0  94
   1    0   0    0   391   85  559    3   24    2    0  3114    1   2   0  97
   2    0   0    0   816  395  824    2   21   14    0  3426    1   2   0  97
   3    0   0    0   929  273  889   20   24   22    0  1980    3   1   0  96
   4    0   0    0   567  168  695    9   26   11    0  1726    2   2   0  96
   5    0   0    0   345   68  492    0   20    3    0  1446    1   1   0  98
   6    0   0    0   509  164  605    6   29    9    0  8959    1   1   0  98
   7    0   0    0   423  117  548    1   20    8    0  1144    2   1   0  97
Sun Nov 17 17:01:07 EST 2013
 CPU minf mjf xcal  intr ithr  csw icsw migr smtx  srw syscl  usr sys  wt idl
   0    8   0    0   844  377  553   28   14   27    0   691    2   4   0  94
   1    0   0    0   559  202  661   17   19   19    0   958    0   2   0  98
   2    0   0    0   463  134  610    3   15    4    0  3151    1   0   0  99
   3    0   0    0   739  155  717   15   15   14    0  2259    2   2   0  96
   4    0   0    0   359  108  402    2   17    2    0   782    1   1   0  98
   5    0   0    0   345   93  435    5   15    5    0  1204    1   0   0  99
   6    0   0    0   463  146  576   10   12   11    0  8922    2   2   0  96
   7    0   0    0   442  164  524   11   13   11    0   508    1   1   0  98
Sun Nov 17 17:01:08 EST 2013
 CPU minf mjf xcal  intr ithr  csw icsw migr smtx  srw syscl  usr sys  wt idl
   0    0   0    0   712  258  488    4   24    3    0  1392    1   3   0  96
   1    0   0    0   670  213  858   22   33   20    0  3122    1   2   0  97
   2    3   0    0   452  117  625    3   41    3    0   904    1   1   0  98
   3    0   0    0   979  229 1067   25   35   25    0  3318    1   2   0  97
   4    0   0    0   538   79  806    2   34    2    0  2431    2   1   0  97
   5    0   0    0   771  248 1000   23   30   25    0  1642    1   2   0  97
   6    0   0    0   688  184  977   13   42   14    0 14265    1   1   0  98
   7    0   0    0   322   62  468    1   21    3    0  3376    1   1   0  98
Sun Nov 17 17:01:09 EST 2013
 CPU minf mjf xcal  intr ithr  csw icsw migr smtx  srw syscl  usr sys  wt idl
   0    0   0    0   714  320  342    5   16    5    0  2474    1   3   0  96
   1    0   0    0   578  221  636   34   17   34    0  4965    2   2   0  96
   2    0   0    0   413  118  502    1   13    1    0  1364    3   1   0  96
   3    0   0    0   609  161  463   13   15   13    0   448    1   2   0  97
   4    0   0    0   741  238  952   26   19   26    0  3025    1   1   0  98
   5    0   0    0   522  139  651    2   11    2    0  2201    2   1   0  97
   6    0   0    0   275   83  358    8   14    8    0  1032    2   1   0  97
   7    0   0    0   421  123  555    0    8    0    0   732    0   0   0 100
Sun Nov 17 17:01:10 EST 2013
 CPU minf mjf xcal  intr ithr  csw icsw migr smtx  srw syscl  usr sys  wt idl
   0    0   0    0   781  299  584    0   11    0    0 11178    0   3   0  97
   1    0   0    0   689  203  873    1   15    4    0  3708    0   1   0  99
   2    0   0    0   662  416  513   14   15   26    0   312    1   2   0  97
   3    0   0    0   527   77  458    0   14    6    0  1582    2   1   0  97
   4    0   0    0   635  183  816   13   15   42    0   728    1   2   0  97
   5    0   0    0   332   92  439    0   11   26    0   374    0   1   0  99
   6    0   0    0   723  307  872   62   18   73    0  7370    1   4   0  95
   7    0   0    0   379   90  529    1   11   14    0  2265    3   1   0  96
Sun Nov 17 17:01:11 EST 2013
 CPU minf mjf xcal  intr ithr  csw icsw migr smtx  srw syscl  usr sys  wt idl
   0    0   0    0   845  359  600   18   14   17    0  2697    1   4   0  95
   1    0   0    0   611  195  717    5   20   13    0  1264    1   1   0  98
   2    0   0    0   654  337  605    9   20   19    0  3901    1   1   0  98
   3    0   0    0   738  157  737   10   15   42    0  1838    2   2   0  96
   4    0   0    0   638  160  863    2   20    4    0  5803    3   1   0  96
   5    0   0    0   292  104  340    7   18    9    0   374    1   1   0  98
   6    0   0    0   610  191  796   23   24   45    0  5426    1   2   0  97
   7    0   0    0   239   69  305    5   10   37    0   563    1   1   0  98
Sun Nov 17 17:01:12 EST 2013
 CPU minf mjf xcal  intr ithr  csw icsw migr smtx  srw syscl  usr sys  wt idl
   0    0   0    0   922  353  773    2   10    1    0  3119    3   4   0  93
   1    0   0    0   521  181  586   18   14   18    0  7093    1   2   0  97
   2    0   0    0   393  140  428    0   11    0    0   348    1   1   0  98
   3    0   0    0   984  304  902   36   12   36    0 11108    1   3   0  96
   4    0   0   10   306  103  353    1   13    2    0  1999    0   0   0 100
   5    0   0    0   504  153  612    0   16    1    0   930    0   0   0 100
   6    0   0    0   526  188  624   26   13   27    0  1005    1   2   0  97
   7    0   0    0   274   41  420    1    9    0    0  2577    3   1   0  96
Sun Nov 17 17:01:13 EST 2013
 CPU minf mjf xcal  intr ithr  csw icsw migr smtx  srw syscl  usr sys  wt idl
   0    0   0    0   845  302  678    0   37    1    0  1188    1   3   0  96
   1    0   0    0   700  200  887   17   40   17    0  9982    1   2   0  97
   2    0   0    0   441   91  573    9   28   11    0  2102    1   0   0  99
   3    0   0    0   763  132  806    5   35    6    0  1849    2   1   0  97
   4    0   0    0   838  220 1180   17   39   16    0  8806    3   2   0  95
   5    0   0    0   617  200  747   12   34   14    0  4880    1   1   0  98
   6    0   0    0   699  163 1047   28   32   30    0  9447    3   3   0  94
   7    0   0    0   664  219  876   15   29   15    0  1252    0   1   0  99
Sun Nov 17 17:01:14 EST 2013
 CPU minf mjf xcal  intr ithr  csw icsw migr smtx  srw syscl  usr sys  wt idl
   0    0   0    0   610  265  304    9   16    9    0   403    0   3   0  97
   1    0   0    0   363   78  461    3   14    3    0  2453    1   0   0  99
   2    0   0    0   292   68  373    2    9    2    0  1292    1   1   0  98
   3    0   0    0   792  186  740    3   17    5    0 13227    1   1   0  98
   4    0   0    0   787  305  980   44   22   44    0  1826    3   3   0  94
   5    0   0    0   401  161  409    9   15    9    0   298    0   2   0  98
   6    0   0    0   503  159  625   21   15   20    0  1954    2   2   0  96
   7    0   0    0   527  168  623    0   14    0    0  3310    1   1   0  98
Sun Nov 17 17:01:15 EST 2013
 CPU minf mjf xcal  intr ithr  csw icsw migr smtx  srw syscl  usr sys  wt idl
   0    0   0    0   779  347  494   21   23   18    0   579    0   4   0  96
   1    0   0    0   649  176  830    0   16    5    0  1416    0   1   0  99
   2    0   0    0   442  214  427    2   17    9    0  6265    2   1   0  97
   3    0   0    0   561   86  479    2   17   19    0   611    1   0   0  99
   4    0   0    0   849  359  989   54   18   56    0 10665    2   3   0  95
   5    0   0    0   317  120  335    4   11   13    0   273    1   1   0  98
   6    0   0    0   403   81  603    6   28   15    0  6238    2   1   0  97
   7    0   0    0   582  158  746    2   15    7    0   948    1   1   0  98
Sun Nov 17 17:01:16 EST 2013
 CPU minf mjf xcal  intr ithr  csw icsw migr smtx  srw syscl  usr sys  wt idl
   0    0   0    0  1221  488 1128   35   50   39    0 11245    5   5   0  90
   1    0   0    0   669  140  966    5   58   22    0 10329    2   2   0  96
   2  406   0    1   608  297  632    8   38    6    0 25655    8   2   0  90
   3    0   0    0   891  161  995    9   54   31    0  7427    2   2   0  96
   4    0   0    0   882  248 1423   42   69   61    0  5152    3   3   0  94
   5    1   0    0   581  133  824    9   42   26    0 22794    4   2   0  94
   6  537   0    0   465  112  618    2   49   32    0 13309    4   2   0  94
   7    1   0    1   640  177  832   11   40   34    0 19746    3   2   0  95
Sun Nov 17 17:01:17 EST 2013
 CPU minf mjf xcal  intr ithr  csw icsw migr smtx  srw syscl  usr sys  wt idl
   0    0   0    0  1106  429  943    1   11    0    0  3021    2   4   0  94
   1    0   0    0   399  125  476    2   20    4    0   823    1   0   0  99
   2    0   0    0   291   75  340    6   15    7    0 16511    1   1   0  98
   3    0   0    0   788  235  671   34   21   35    0   485    1   3   0  96
   4    0   0    0   341  115  387    0   19    0    0   711    0   0   0 100
   5    0   0    0   808  286  957    5   18    4    0  6839    3   2   0  95
   6    0   0    0   787  302  929   41   17   42    0 14840    2   2   0  96
   7    0   0    0   262   41  400    0   16    0    0   846    0   1   0  99
Sun Nov 17 17:01:18 EST 2013
 CPU minf mjf xcal  intr ithr  csw icsw migr smtx  srw syscl  usr sys  wt idl
   0    0   0    0  1135  427 1073    0   34    0    0  2422    2   4   0  94
   1    0   0    0   543  162  700    0   37    0    0 17557    3   1   0  96
   2    0   0    0   350   89  455    6   34    8    0 10959    1   1   0  98
   3    0   0    0  1006  224 1083    1   43    1    0  6001    1   1   0  98
   4    0   0    0   770  232 1004   21   44   22    0  1856    2   2   0  96
   5    0   0    0   359   59  526    2   24    3    0  5724    1   0   0  99
   6    3   0    0   935  243 1335   34   38   35    0  2990    2   5   0  93
   7    0   0    0   452  118  603    3   32    3    0  1015    1   1   0  98
Sun Nov 17 17:01:19 EST 2013
 CPU minf mjf xcal  intr ithr  csw icsw migr smtx  srw syscl  usr sys  wt idl
   0    0   0    0   968  403  758   26   30   32    0  1338    2   4   0  94
   1    0   0    0   523  196  557   18   29   19    0   558    0   1   0  99
   2    0   0    0   519   89  788    9   28   10    0  2473    2   1   0  97
   3    0   0    0   875  196  913   14   30   16    0 13817    3   2   0  95
   4    0   0    0   820  244 1185   16   34   26    0 20373    2   2   0  96
   5    0   0    0   552  197  633    6   11    4    0  1786    6   1   0  93
   6    0   0    0   643  146  931   14   34   17    0 12759    3   1   0  96
   7    0   0    0   305   98  420    8   26   61    0 77841    6   2   0  92
